debug 2023/12/07 16:05:28 Enter pressed in containerView -  [{C1 O1 Object 1 Hash1 2} {C1 O2 Object 2 Hash2 3}]
debug 2023/12/07 16:05:28 view changed to objectView
debug 2023/12/07 16:05:29 downloading state: 0
debug 2023/12/07 16:05:29 c.wallet PerformAction &{NQtxsStXxvtRyz2B1yJXTXCeEoxsUJBkxW 031ad3c83a6b1cbab8e19df996405cb6e18151a14f7ecd76eb4f51901db1426f0b {[mock signer] 0x10532bd60}}
debug 2023/12/07 16:05:29 perform action started
debug 2023/12/07 16:05:29 starting action chan handler
debug 2023/12/07 16:05:29 bearer token data to sign (bearerToken.SignedData())  [10 128 3 10 12 8 206 239 192 233 10 16 155 152 146 158 1 18 34 10 32 110 128 225 228 191 247 244 202 143 20 19 82 140 210 111 137 116 63 163 175 139 223 33 28 186 72 241 184 238 138 27 231 26 164 1 8 7 16 1 26 71 8 2 16 1 26 19 36 79 98 106 101 99 116 58 99 111 110 116 97 105 110 101 114 73 68 34 44 70 65 112 86 90 65 105 111 118 72 102 55 68 102 120 71 87 121 120 65 110 112 104 104 90 104 74 120 65 71 52 104 105 98 102 55 90 57 116 88 116 117 111 49 26 57 8 2 16 2 26 15 36 79 98 106 101 99 116 58 111 119 110 101 114 73 68 34 34 78 78 72 118 111 101 72 82 82 57 116 84 116 90 115 71 118 52 112 112 78 109 109 74 74 82 105 74 80 113 78 66 107 56 34 12 8 2 18 3 1 2 3 18 3 4 5 6 34 12 8 2 18 3 1 2 3 18 3 4 5 6 26 164 1 8 7 16 1 26 71 8 2 16 1 26 19 36 79 98 106 101 99 116 58 99 111 110 116 97 105 110 101 114 73 68 34 44 69 97 103 120 111 55 55 99 87 65 105 107 49 102 114 78 51 67 111 111 97 70 71 101 77 54 49 70 49 49 66 111 49 119 67 77 78 55 57 67 89 115 115 103 26 57 8 2 16 2 26 15 36 79 98 106 101 99 116 58 111 119 110 101 114 73 68 34 34 78 100 115 120 72 112 78 116 57 112 100 72 65 104 88 78 99 68 82 53 51 100 88 72 111 106 99 111 77 98 114 102 106 80 34 12 8 2 18 3 1 2 3 18 3 4 5 6 34 12 8 2 18 3 1 2 3 18 3 4 5 6 18 27 10 25 53 198 76 165 111 20 0 116 173 26 11 137 243 199 84 108 143 245 134 24 86 196 106 26 115 26 6 8 3 16 2 24 1]
debug 2023/12/07 16:05:29 c.wallet SignRequest &{NQtxsStXxvtRyz2B1yJXTXCeEoxsUJBkxW 031ad3c83a6b1cbab8e19df996405cb6e18151a14f7ecd76eb4f51901db1426f0b {[mock signer] 0x10532bd60}}
debug 2023/12/07 16:05:29 have been requested to sign  [10 128 3 10 12 8 206 239 192 233 10 16 155 152 146 158 1 18 34 10 32 110 128 225 228 191 247 244 202 143 20 19 82 140 210 111 137 116 63 163 175 139 223 33 28 186 72 241 184 238 138 27 231 26 164 1 8 7 16 1 26 71 8 2 16 1 26 19 36 79 98 106 101 99 116 58 99 111 110 116 97 105 110 101 114 73 68 34 44 70 65 112 86 90 65 105 111 118 72 102 55 68 102 120 71 87 121 120 65 110 112 104 104 90 104 74 120 65 71 52 104 105 98 102 55 90 57 116 88 116 117 111 49 26 57 8 2 16 2 26 15 36 79 98 106 101 99 116 58 111 119 110 101 114 73 68 34 34 78 78 72 118 111 101 72 82 82 57 116 84 116 90 115 71 118 52 112 112 78 109 109 74 74 82 105 74 80 113 78 66 107 56 34 12 8 2 18 3 1 2 3 18 3 4 5 6 34 12 8 2 18 3 1 2 3 18 3 4 5 6 26 164 1 8 7 16 1 26 71 8 2 16 1 26 19 36 79 98 106 101 99 116 58 99 111 110 116 97 105 110 101 114 73 68 34 44 69 97 103 120 111 55 55 99 87 65 105 107 49 102 114 78 51 67 111 111 97 70 71 101 77 54 49 70 49 49 66 111 49 119 67 77 78 55 57 67 89 115 115 103 26 57 8 2 16 2 26 15 36 79 98 106 101 99 116 58 111 119 110 101 114 73 68 34 34 78 100 115 120 72 112 78 116 57 112 100 72 65 104 88 78 99 68 82 53 51 100 88 72 111 106 99 111 77 98 114 102 106 80 34 12 8 2 18 3 1 2 3 18 3 4 5 6 34 12 8 2 18 3 1 2 3 18 3 4 5 6 18 27 10 25 53 198 76 165 111 20 0 116 173 26 11 137 243 199 84 108 143 245 134 24 86 196 106 26 115 26 6 8 3 16 2 24 1]
debug 2023/12/07 16:05:29 c.wallet UpdateFromWalletConnect &{NQtxsStXxvtRyz2B1yJXTXCeEoxsUJBkxW 031ad3c83a6b1cbab8e19df996405cb6e18151a14f7ecd76eb4f51901db1426f0b {[mock signer] 0x10532bd60}}
debug 2023/12/07 16:05:29 downloading state: 3
debug 2023/12/07 16:05:30 success type, creatnig notification for database
debug 2023/12/07 16:05:30 emitting  {mock-notifier-94d9a4c7-9999-4055-a549-f51383edfe57  download complete! success 1 object object completed map[]  false}
debug 2023/12/07 16:05:30 notification events: firing notification {Id:mock-notifier-94d9a4c7-9999-4055-a549-f51383edfe57 User: Title:download complete! Type:success Action:1 Description:object object completed Meta:map[] CreatedAt: MarkRead:false}
debug 2023/12/07 16:05:56 downloading state: 3
debug 2023/12/07 16:05:56 downloading state: 3
debug 2023/12/07 16:05:56 downloading state: 3
debug 2023/12/07 16:05:56 downloading state: 3
debug 2023/12/07 16:05:56 downloading state: 3
debug 2023/12/07 16:05:56 downloading state: 3
debug 2023/12/07 16:05:56 downloading state: 3
debug 2023/12/07 16:05:56 downloading state: 3
debug 2023/12/07 16:14:59 downloading state: 3
debug 2023/12/07 16:14:59 downloading state: 3
debug 2023/12/07 16:15:05 Enter pressed in containerView -  [{C1 O1 Object 1 Hash1 2} {C1 O2 Object 2 Hash2 3}]
debug 2023/12/07 16:15:05 view changed to objectView
debug 2023/12/07 16:15:06 downloading state: 0
debug 2023/12/07 16:15:06 c.wallet PerformAction &{NQtxsStXxvtRyz2B1yJXTXCeEoxsUJBkxW 031ad3c83a6b1cbab8e19df996405cb6e18151a14f7ecd76eb4f51901db1426f0b {[mock signer] 0x104813de0}}
debug 2023/12/07 16:15:06 perform action started
debug 2023/12/07 16:15:06 starting action chan handler
debug 2023/12/07 16:15:06 bearer token data to sign (bearerToken.SignedData())  [10 128 3 10 12 8 206 239 192 233 10 16 155 152 146 158 1 18 34 10 32 110 128 225 228 191 247 244 202 143 20 19 82 140 210 111 137 116 63 163 175 139 223 33 28 186 72 241 184 238 138 27 231 26 164 1 8 7 16 1 26 71 8 2 16 1 26 19 36 79 98 106 101 99 116 58 99 111 110 116 97 105 110 101 114 73 68 34 44 70 65 112 86 90 65 105 111 118 72 102 55 68 102 120 71 87 121 120 65 110 112 104 104 90 104 74 120 65 71 52 104 105 98 102 55 90 57 116 88 116 117 111 49 26 57 8 2 16 2 26 15 36 79 98 106 101 99 116 58 111 119 110 101 114 73 68 34 34 78 78 72 118 111 101 72 82 82 57 116 84 116 90 115 71 118 52 112 112 78 109 109 74 74 82 105 74 80 113 78 66 107 56 34 12 8 2 18 3 1 2 3 18 3 4 5 6 34 12 8 2 18 3 1 2 3 18 3 4 5 6 26 164 1 8 7 16 1 26 71 8 2 16 1 26 19 36 79 98 106 101 99 116 58 99 111 110 116 97 105 110 101 114 73 68 34 44 69 97 103 120 111 55 55 99 87 65 105 107 49 102 114 78 51 67 111 111 97 70 71 101 77 54 49 70 49 49 66 111 49 119 67 77 78 55 57 67 89 115 115 103 26 57 8 2 16 2 26 15 36 79 98 106 101 99 116 58 111 119 110 101 114 73 68 34 34 78 100 115 120 72 112 78 116 57 112 100 72 65 104 88 78 99 68 82 53 51 100 88 72 111 106 99 111 77 98 114 102 106 80 34 12 8 2 18 3 1 2 3 18 3 4 5 6 34 12 8 2 18 3 1 2 3 18 3 4 5 6 18 27 10 25 53 198 76 165 111 20 0 116 173 26 11 137 243 199 84 108 143 245 134 24 86 196 106 26 115 26 6 8 3 16 2 24 1]
debug 2023/12/07 16:15:06 c.wallet SignRequest &{NQtxsStXxvtRyz2B1yJXTXCeEoxsUJBkxW 031ad3c83a6b1cbab8e19df996405cb6e18151a14f7ecd76eb4f51901db1426f0b {[mock signer] 0x104813de0}}
debug 2023/12/07 16:15:06 have been requested to sign  [10 128 3 10 12 8 206 239 192 233 10 16 155 152 146 158 1 18 34 10 32 110 128 225 228 191 247 244 202 143 20 19 82 140 210 111 137 116 63 163 175 139 223 33 28 186 72 241 184 238 138 27 231 26 164 1 8 7 16 1 26 71 8 2 16 1 26 19 36 79 98 106 101 99 116 58 99 111 110 116 97 105 110 101 114 73 68 34 44 70 65 112 86 90 65 105 111 118 72 102 55 68 102 120 71 87 121 120 65 110 112 104 104 90 104 74 120 65 71 52 104 105 98 102 55 90 57 116 88 116 117 111 49 26 57 8 2 16 2 26 15 36 79 98 106 101 99 116 58 111 119 110 101 114 73 68 34 34 78 78 72 118 111 101 72 82 82 57 116 84 116 90 115 71 118 52 112 112 78 109 109 74 74 82 105 74 80 113 78 66 107 56 34 12 8 2 18 3 1 2 3 18 3 4 5 6 34 12 8 2 18 3 1 2 3 18 3 4 5 6 26 164 1 8 7 16 1 26 71 8 2 16 1 26 19 36 79 98 106 101 99 116 58 99 111 110 116 97 105 110 101 114 73 68 34 44 69 97 103 120 111 55 55 99 87 65 105 107 49 102 114 78 51 67 111 111 97 70 71 101 77 54 49 70 49 49 66 111 49 119 67 77 78 55 57 67 89 115 115 103 26 57 8 2 16 2 26 15 36 79 98 106 101 99 116 58 111 119 110 101 114 73 68 34 34 78 100 115 120 72 112 78 116 57 112 100 72 65 104 88 78 99 68 82 53 51 100 88 72 111 106 99 111 77 98 114 102 106 80 34 12 8 2 18 3 1 2 3 18 3 4 5 6 34 12 8 2 18 3 1 2 3 18 3 4 5 6 18 27 10 25 53 198 76 165 111 20 0 116 173 26 11 137 243 199 84 108 143 245 134 24 86 196 106 26 115 26 6 8 3 16 2 24 1]
debug 2023/12/07 16:15:06 c.wallet UpdateFromWalletConnect &{NQtxsStXxvtRyz2B1yJXTXCeEoxsUJBkxW 031ad3c83a6b1cbab8e19df996405cb6e18151a14f7ecd76eb4f51901db1426f0b {[mock signer] 0x104813de0}}
debug 2023/12/07 16:15:06 downloading state: 3
debug 2023/12/07 16:15:07 success type, creatnig notification for database
debug 2023/12/07 16:15:07 emitting  {mock-notifier-94d9a4c7-9999-4055-a549-f51383edfe57  download complete! success 1 object object completed map[]  false}
debug 2023/12/07 16:15:07 notification events: firing notification {Id:mock-notifier-94d9a4c7-9999-4055-a549-f51383edfe57 User: Title:download complete! Type:success Action:1 Description:object object completed Meta:map[] CreatedAt: MarkRead:false}
debug 2023/12/07 16:15:10 downloading state: 3
debug 2023/12/07 16:15:10 downloading state: 3
debug 2023/12/07 16:15:10 downloading state: 3
debug 2023/12/07 16:15:10 downloading state: 3
debug 2023/12/07 16:15:10 downloading state: 3
debug 2023/12/07 16:15:10 downloading state: 3
debug 2023/12/07 16:15:10 downloading state: 3
debug 2023/12/07 16:15:11 downloading state: 3
debug 2023/12/07 16:15:11 downloading state: 3
debug 2023/12/07 16:17:45 downloading state: 3
debug 2023/12/07 16:17:45 downloading state: 3
debug 2023/12/07 16:17:51 Enter pressed in containerView -  [{C1 O1 Object 1 Hash1 2} {C1 O2 Object 2 Hash2 3}]
debug 2023/12/07 16:17:51 view changed to objectView
debug 2023/12/07 16:17:52 downloading state: 0
debug 2023/12/07 16:17:52 c.wallet PerformAction &{NQtxsStXxvtRyz2B1yJXTXCeEoxsUJBkxW 031ad3c83a6b1cbab8e19df996405cb6e18151a14f7ecd76eb4f51901db1426f0b {[mock signer] 0x1029abd10}}
debug 2023/12/07 16:17:52 perform action started
debug 2023/12/07 16:17:52 starting action chan handler
debug 2023/12/07 16:17:52 bearer token data to sign (bearerToken.SignedData())  [10 128 3 10 12 8 206 239 192 233 10 16 155 152 146 158 1 18 34 10 32 110 128 225 228 191 247 244 202 143 20 19 82 140 210 111 137 116 63 163 175 139 223 33 28 186 72 241 184 238 138 27 231 26 164 1 8 7 16 1 26 71 8 2 16 1 26 19 36 79 98 106 101 99 116 58 99 111 110 116 97 105 110 101 114 73 68 34 44 70 65 112 86 90 65 105 111 118 72 102 55 68 102 120 71 87 121 120 65 110 112 104 104 90 104 74 120 65 71 52 104 105 98 102 55 90 57 116 88 116 117 111 49 26 57 8 2 16 2 26 15 36 79 98 106 101 99 116 58 111 119 110 101 114 73 68 34 34 78 78 72 118 111 101 72 82 82 57 116 84 116 90 115 71 118 52 112 112 78 109 109 74 74 82 105 74 80 113 78 66 107 56 34 12 8 2 18 3 1 2 3 18 3 4 5 6 34 12 8 2 18 3 1 2 3 18 3 4 5 6 26 164 1 8 7 16 1 26 71 8 2 16 1 26 19 36 79 98 106 101 99 116 58 99 111 110 116 97 105 110 101 114 73 68 34 44 69 97 103 120 111 55 55 99 87 65 105 107 49 102 114 78 51 67 111 111 97 70 71 101 77 54 49 70 49 49 66 111 49 119 67 77 78 55 57 67 89 115 115 103 26 57 8 2 16 2 26 15 36 79 98 106 101 99 116 58 111 119 110 101 114 73 68 34 34 78 100 115 120 72 112 78 116 57 112 100 72 65 104 88 78 99 68 82 53 51 100 88 72 111 106 99 111 77 98 114 102 106 80 34 12 8 2 18 3 1 2 3 18 3 4 5 6 34 12 8 2 18 3 1 2 3 18 3 4 5 6 18 27 10 25 53 198 76 165 111 20 0 116 173 26 11 137 243 199 84 108 143 245 134 24 86 196 106 26 115 26 6 8 3 16 2 24 1]
debug 2023/12/07 16:17:52 c.wallet SignRequest &{NQtxsStXxvtRyz2B1yJXTXCeEoxsUJBkxW 031ad3c83a6b1cbab8e19df996405cb6e18151a14f7ecd76eb4f51901db1426f0b {[mock signer] 0x1029abd10}}
debug 2023/12/07 16:17:52 have been requested to sign  [10 128 3 10 12 8 206 239 192 233 10 16 155 152 146 158 1 18 34 10 32 110 128 225 228 191 247 244 202 143 20 19 82 140 210 111 137 116 63 163 175 139 223 33 28 186 72 241 184 238 138 27 231 26 164 1 8 7 16 1 26 71 8 2 16 1 26 19 36 79 98 106 101 99 116 58 99 111 110 116 97 105 110 101 114 73 68 34 44 70 65 112 86 90 65 105 111 118 72 102 55 68 102 120 71 87 121 120 65 110 112 104 104 90 104 74 120 65 71 52 104 105 98 102 55 90 57 116 88 116 117 111 49 26 57 8 2 16 2 26 15 36 79 98 106 101 99 116 58 111 119 110 101 114 73 68 34 34 78 78 72 118 111 101 72 82 82 57 116 84 116 90 115 71 118 52 112 112 78 109 109 74 74 82 105 74 80 113 78 66 107 56 34 12 8 2 18 3 1 2 3 18 3 4 5 6 34 12 8 2 18 3 1 2 3 18 3 4 5 6 26 164 1 8 7 16 1 26 71 8 2 16 1 26 19 36 79 98 106 101 99 116 58 99 111 110 116 97 105 110 101 114 73 68 34 44 69 97 103 120 111 55 55 99 87 65 105 107 49 102 114 78 51 67 111 111 97 70 71 101 77 54 49 70 49 49 66 111 49 119 67 77 78 55 57 67 89 115 115 103 26 57 8 2 16 2 26 15 36 79 98 106 101 99 116 58 111 119 110 101 114 73 68 34 34 78 100 115 120 72 112 78 116 57 112 100 72 65 104 88 78 99 68 82 53 51 100 88 72 111 106 99 111 77 98 114 102 106 80 34 12 8 2 18 3 1 2 3 18 3 4 5 6 34 12 8 2 18 3 1 2 3 18 3 4 5 6 18 27 10 25 53 198 76 165 111 20 0 116 173 26 11 137 243 199 84 108 143 245 134 24 86 196 106 26 115 26 6 8 3 16 2 24 1]
debug 2023/12/07 16:17:52 c.wallet UpdateFromWalletConnect &{NQtxsStXxvtRyz2B1yJXTXCeEoxsUJBkxW 031ad3c83a6b1cbab8e19df996405cb6e18151a14f7ecd76eb4f51901db1426f0b {[mock signer] 0x1029abd10}}
debug 2023/12/07 16:17:53 success type, creatnig notification for database
debug 2023/12/07 16:17:53 emitting  {mock-notifier-94d9a4c7-9999-4055-a549-f51383edfe57  download complete! success 1 object object completed map[]  false}
debug 2023/12/07 16:17:53 notification events: firing notification {Id:mock-notifier-94d9a4c7-9999-4055-a549-f51383edfe57 User: Title:download complete! Type:success Action:1 Description:object object completed Meta:map[] CreatedAt: MarkRead:false}
debug 2023/12/07 16:17:57 downloading state: 0
debug 2023/12/07 16:17:57 downloading state: 0
debug 2023/12/07 16:17:57 downloading state: 0
debug 2023/12/07 16:17:57 downloading state: 0
debug 2023/12/07 16:17:57 downloading state: 0
debug 2023/12/07 16:17:57 downloading state: 0
debug 2023/12/07 16:17:57 downloading state: 0
debug 2023/12/07 16:17:57 downloading state: 0
debug 2023/12/07 16:17:57 downloading state: 0
debug 2023/12/07 16:17:57 downloading state: 0
debug 2023/12/07 16:17:57 downloading state: 0
debug 2023/12/07 16:18:42 downloading state: 0
debug 2023/12/07 16:18:42 downloading state: 0
debug 2023/12/07 16:18:46 Enter pressed in containerView -  [{C1 O1 Object 1 Hash1 2} {C1 O2 Object 2 Hash2 3}]
debug 2023/12/07 16:18:46 view changed to objectView
debug 2023/12/07 16:18:47 downloading state: 0
debug 2023/12/07 16:18:47 c.wallet PerformAction &{NQtxsStXxvtRyz2B1yJXTXCeEoxsUJBkxW 031ad3c83a6b1cbab8e19df996405cb6e18151a14f7ecd76eb4f51901db1426f0b {[mock signer] 0x100d63ce0}}
debug 2023/12/07 16:18:47 perform action started
debug 2023/12/07 16:18:47 starting action chan handler
debug 2023/12/07 16:18:47 bearer token data to sign (bearerToken.SignedData())  [10 128 3 10 12 8 206 239 192 233 10 16 155 152 146 158 1 18 34 10 32 110 128 225 228 191 247 244 202 143 20 19 82 140 210 111 137 116 63 163 175 139 223 33 28 186 72 241 184 238 138 27 231 26 164 1 8 7 16 1 26 71 8 2 16 1 26 19 36 79 98 106 101 99 116 58 99 111 110 116 97 105 110 101 114 73 68 34 44 70 65 112 86 90 65 105 111 118 72 102 55 68 102 120 71 87 121 120 65 110 112 104 104 90 104 74 120 65 71 52 104 105 98 102 55 90 57 116 88 116 117 111 49 26 57 8 2 16 2 26 15 36 79 98 106 101 99 116 58 111 119 110 101 114 73 68 34 34 78 78 72 118 111 101 72 82 82 57 116 84 116 90 115 71 118 52 112 112 78 109 109 74 74 82 105 74 80 113 78 66 107 56 34 12 8 2 18 3 1 2 3 18 3 4 5 6 34 12 8 2 18 3 1 2 3 18 3 4 5 6 26 164 1 8 7 16 1 26 71 8 2 16 1 26 19 36 79 98 106 101 99 116 58 99 111 110 116 97 105 110 101 114 73 68 34 44 69 97 103 120 111 55 55 99 87 65 105 107 49 102 114 78 51 67 111 111 97 70 71 101 77 54 49 70 49 49 66 111 49 119 67 77 78 55 57 67 89 115 115 103 26 57 8 2 16 2 26 15 36 79 98 106 101 99 116 58 111 119 110 101 114 73 68 34 34 78 100 115 120 72 112 78 116 57 112 100 72 65 104 88 78 99 68 82 53 51 100 88 72 111 106 99 111 77 98 114 102 106 80 34 12 8 2 18 3 1 2 3 18 3 4 5 6 34 12 8 2 18 3 1 2 3 18 3 4 5 6 18 27 10 25 53 198 76 165 111 20 0 116 173 26 11 137 243 199 84 108 143 245 134 24 86 196 106 26 115 26 6 8 3 16 2 24 1]
debug 2023/12/07 16:18:47 c.wallet SignRequest &{NQtxsStXxvtRyz2B1yJXTXCeEoxsUJBkxW 031ad3c83a6b1cbab8e19df996405cb6e18151a14f7ecd76eb4f51901db1426f0b {[mock signer] 0x100d63ce0}}
debug 2023/12/07 16:18:47 have been requested to sign  [10 128 3 10 12 8 206 239 192 233 10 16 155 152 146 158 1 18 34 10 32 110 128 225 228 191 247 244 202 143 20 19 82 140 210 111 137 116 63 163 175 139 223 33 28 186 72 241 184 238 138 27 231 26 164 1 8 7 16 1 26 71 8 2 16 1 26 19 36 79 98 106 101 99 116 58 99 111 110 116 97 105 110 101 114 73 68 34 44 70 65 112 86 90 65 105 111 118 72 102 55 68 102 120 71 87 121 120 65 110 112 104 104 90 104 74 120 65 71 52 104 105 98 102 55 90 57 116 88 116 117 111 49 26 57 8 2 16 2 26 15 36 79 98 106 101 99 116 58 111 119 110 101 114 73 68 34 34 78 78 72 118 111 101 72 82 82 57 116 84 116 90 115 71 118 52 112 112 78 109 109 74 74 82 105 74 80 113 78 66 107 56 34 12 8 2 18 3 1 2 3 18 3 4 5 6 34 12 8 2 18 3 1 2 3 18 3 4 5 6 26 164 1 8 7 16 1 26 71 8 2 16 1 26 19 36 79 98 106 101 99 116 58 99 111 110 116 97 105 110 101 114 73 68 34 44 69 97 103 120 111 55 55 99 87 65 105 107 49 102 114 78 51 67 111 111 97 70 71 101 77 54 49 70 49 49 66 111 49 119 67 77 78 55 57 67 89 115 115 103 26 57 8 2 16 2 26 15 36 79 98 106 101 99 116 58 111 119 110 101 114 73 68 34 34 78 100 115 120 72 112 78 116 57 112 100 72 65 104 88 78 99 68 82 53 51 100 88 72 111 106 99 111 77 98 114 102 106 80 34 12 8 2 18 3 1 2 3 18 3 4 5 6 34 12 8 2 18 3 1 2 3 18 3 4 5 6 18 27 10 25 53 198 76 165 111 20 0 116 173 26 11 137 243 199 84 108 143 245 134 24 86 196 106 26 115 26 6 8 3 16 2 24 1]
debug 2023/12/07 16:18:47 c.wallet UpdateFromWalletConnect &{NQtxsStXxvtRyz2B1yJXTXCeEoxsUJBkxW 031ad3c83a6b1cbab8e19df996405cb6e18151a14f7ecd76eb4f51901db1426f0b {[mock signer] 0x100d63ce0}}
debug 2023/12/07 16:18:48 success type, creatnig notification for database
debug 2023/12/07 16:18:48 emitting  {mock-notifier-94d9a4c7-9999-4055-a549-f51383edfe57  download complete! success 1 object object completed map[]  false}
debug 2023/12/07 16:18:48 notification events: firing notification {Id:mock-notifier-94d9a4c7-9999-4055-a549-f51383edfe57 User: Title:download complete! Type:success Action:1 Description:object object completed Meta:map[] CreatedAt: MarkRead:false}
debug 2023/12/07 16:18:51 downloading state: 0
debug 2023/12/07 16:18:51 downloading state: 0
debug 2023/12/07 16:18:51 downloading state: 0
debug 2023/12/07 16:18:51 downloading state: 0
debug 2023/12/07 16:18:51 downloading state: 0
debug 2023/12/07 16:18:51 downloading state: 0
debug 2023/12/07 16:22:45 downloading state: 0
debug 2023/12/07 16:31:06 downloading state: 0
debug 2023/12/07 16:31:06 downloading state: 0
debug 2023/12/07 16:31:13 Enter pressed in containerView -  [{C1 O1 Object 1 Hash1 2} {C1 O2 Object 2 Hash2 3}]
debug 2023/12/07 16:31:13 view changed to objectView
debug 2023/12/07 16:31:13 downloading state: 0
debug 2023/12/07 16:31:13 c.wallet PerformAction &{NQtxsStXxvtRyz2B1yJXTXCeEoxsUJBkxW 031ad3c83a6b1cbab8e19df996405cb6e18151a14f7ecd76eb4f51901db1426f0b {[mock signer] 0x1012cbb70}}
debug 2023/12/07 16:31:13 perform action started
debug 2023/12/07 16:31:13 starting action chan handler
debug 2023/12/07 16:31:14 bearer token data to sign (bearerToken.SignedData())  [10 128 3 10 12 8 206 239 192 233 10 16 155 152 146 158 1 18 34 10 32 110 128 225 228 191 247 244 202 143 20 19 82 140 210 111 137 116 63 163 175 139 223 33 28 186 72 241 184 238 138 27 231 26 164 1 8 7 16 1 26 71 8 2 16 1 26 19 36 79 98 106 101 99 116 58 99 111 110 116 97 105 110 101 114 73 68 34 44 70 65 112 86 90 65 105 111 118 72 102 55 68 102 120 71 87 121 120 65 110 112 104 104 90 104 74 120 65 71 52 104 105 98 102 55 90 57 116 88 116 117 111 49 26 57 8 2 16 2 26 15 36 79 98 106 101 99 116 58 111 119 110 101 114 73 68 34 34 78 78 72 118 111 101 72 82 82 57 116 84 116 90 115 71 118 52 112 112 78 109 109 74 74 82 105 74 80 113 78 66 107 56 34 12 8 2 18 3 1 2 3 18 3 4 5 6 34 12 8 2 18 3 1 2 3 18 3 4 5 6 26 164 1 8 7 16 1 26 71 8 2 16 1 26 19 36 79 98 106 101 99 116 58 99 111 110 116 97 105 110 101 114 73 68 34 44 69 97 103 120 111 55 55 99 87 65 105 107 49 102 114 78 51 67 111 111 97 70 71 101 77 54 49 70 49 49 66 111 49 119 67 77 78 55 57 67 89 115 115 103 26 57 8 2 16 2 26 15 36 79 98 106 101 99 116 58 111 119 110 101 114 73 68 34 34 78 100 115 120 72 112 78 116 57 112 100 72 65 104 88 78 99 68 82 53 51 100 88 72 111 106 99 111 77 98 114 102 106 80 34 12 8 2 18 3 1 2 3 18 3 4 5 6 34 12 8 2 18 3 1 2 3 18 3 4 5 6 18 27 10 25 53 198 76 165 111 20 0 116 173 26 11 137 243 199 84 108 143 245 134 24 86 196 106 26 115 26 6 8 3 16 2 24 1]
debug 2023/12/07 16:31:14 c.wallet SignRequest &{NQtxsStXxvtRyz2B1yJXTXCeEoxsUJBkxW 031ad3c83a6b1cbab8e19df996405cb6e18151a14f7ecd76eb4f51901db1426f0b {[mock signer] 0x1012cbb70}}
debug 2023/12/07 16:31:14 have been requested to sign  [10 128 3 10 12 8 206 239 192 233 10 16 155 152 146 158 1 18 34 10 32 110 128 225 228 191 247 244 202 143 20 19 82 140 210 111 137 116 63 163 175 139 223 33 28 186 72 241 184 238 138 27 231 26 164 1 8 7 16 1 26 71 8 2 16 1 26 19 36 79 98 106 101 99 116 58 99 111 110 116 97 105 110 101 114 73 68 34 44 70 65 112 86 90 65 105 111 118 72 102 55 68 102 120 71 87 121 120 65 110 112 104 104 90 104 74 120 65 71 52 104 105 98 102 55 90 57 116 88 116 117 111 49 26 57 8 2 16 2 26 15 36 79 98 106 101 99 116 58 111 119 110 101 114 73 68 34 34 78 78 72 118 111 101 72 82 82 57 116 84 116 90 115 71 118 52 112 112 78 109 109 74 74 82 105 74 80 113 78 66 107 56 34 12 8 2 18 3 1 2 3 18 3 4 5 6 34 12 8 2 18 3 1 2 3 18 3 4 5 6 26 164 1 8 7 16 1 26 71 8 2 16 1 26 19 36 79 98 106 101 99 116 58 99 111 110 116 97 105 110 101 114 73 68 34 44 69 97 103 120 111 55 55 99 87 65 105 107 49 102 114 78 51 67 111 111 97 70 71 101 77 54 49 70 49 49 66 111 49 119 67 77 78 55 57 67 89 115 115 103 26 57 8 2 16 2 26 15 36 79 98 106 101 99 116 58 111 119 110 101 114 73 68 34 34 78 100 115 120 72 112 78 116 57 112 100 72 65 104 88 78 99 68 82 53 51 100 88 72 111 106 99 111 77 98 114 102 106 80 34 12 8 2 18 3 1 2 3 18 3 4 5 6 34 12 8 2 18 3 1 2 3 18 3 4 5 6 18 27 10 25 53 198 76 165 111 20 0 116 173 26 11 137 243 199 84 108 143 245 134 24 86 196 106 26 115 26 6 8 3 16 2 24 1]
debug 2023/12/07 16:31:14 c.wallet UpdateFromWalletConnect &{NQtxsStXxvtRyz2B1yJXTXCeEoxsUJBkxW 031ad3c83a6b1cbab8e19df996405cb6e18151a14f7ecd76eb4f51901db1426f0b {[mock signer] 0x1012cbb70}}
debug 2023/12/07 16:31:14 downloading state: 3
debug 2023/12/07 16:31:14 downloading state: 8
debug 2023/12/07 16:31:14 downloading state: 14
debug 2023/12/07 16:31:14 downloading state: 19
debug 2023/12/07 16:31:14 downloading state: 24
debug 2023/12/07 16:31:14 downloading state: 30
debug 2023/12/07 16:31:14 downloading state: 35
debug 2023/12/07 16:31:14 downloading state: 41
debug 2023/12/07 16:31:14 downloading state: 46
debug 2023/12/07 16:31:14 downloading state: 51
debug 2023/12/07 16:31:14 downloading state: 57
debug 2023/12/07 16:31:14 downloading state: 62
debug 2023/12/07 16:31:14 downloading state: 67
debug 2023/12/07 16:31:14 downloading state: 72
debug 2023/12/07 16:31:14 downloading state: 78
debug 2023/12/07 16:31:14 downloading state: 83
debug 2023/12/07 16:31:15 downloading state: 89
debug 2023/12/07 16:31:15 downloading state: 94
debug 2023/12/07 16:31:15 downloading state: 99
debug 2023/12/07 16:31:15 success type, creatnig notification for database
debug 2023/12/07 16:31:15 emitting  {mock-notifier-94d9a4c7-9999-4055-a549-f51383edfe57  download complete! success 1 object object completed map[]  false}
debug 2023/12/07 16:31:15 notification events: firing notification {Id:mock-notifier-94d9a4c7-9999-4055-a549-f51383edfe57 User: Title:download complete! Type:success Action:1 Description:object object completed Meta:map[] CreatedAt: MarkRead:false}
debug 2023/12/07 16:31:15 downloading state: 100
debug 2023/12/07 16:31:20 downloading state: 100
debug 2023/12/07 16:31:20 downloading state: 100
debug 2023/12/07 16:31:37 downloading state: 100
debug 2023/12/07 16:31:37 downloading state: 100
debug 2023/12/07 16:31:41 Enter pressed in containerView -  [{C1 O1 Object 1 Hash1 2} {C1 O2 Object 2 Hash2 3}]
debug 2023/12/07 16:31:41 view changed to objectView
debug 2023/12/07 16:31:42 downloading state: 0
debug 2023/12/07 16:31:42 c.wallet PerformAction &{NQtxsStXxvtRyz2B1yJXTXCeEoxsUJBkxW 031ad3c83a6b1cbab8e19df996405cb6e18151a14f7ecd76eb4f51901db1426f0b {[mock signer] 0x104b37f20}}
debug 2023/12/07 16:31:42 perform action started
debug 2023/12/07 16:31:42 starting action chan handler
debug 2023/12/07 16:31:42 bearer token data to sign (bearerToken.SignedData())  [10 128 3 10 12 8 206 239 192 233 10 16 155 152 146 158 1 18 34 10 32 110 128 225 228 191 247 244 202 143 20 19 82 140 210 111 137 116 63 163 175 139 223 33 28 186 72 241 184 238 138 27 231 26 164 1 8 7 16 1 26 71 8 2 16 1 26 19 36 79 98 106 101 99 116 58 99 111 110 116 97 105 110 101 114 73 68 34 44 70 65 112 86 90 65 105 111 118 72 102 55 68 102 120 71 87 121 120 65 110 112 104 104 90 104 74 120 65 71 52 104 105 98 102 55 90 57 116 88 116 117 111 49 26 57 8 2 16 2 26 15 36 79 98 106 101 99 116 58 111 119 110 101 114 73 68 34 34 78 78 72 118 111 101 72 82 82 57 116 84 116 90 115 71 118 52 112 112 78 109 109 74 74 82 105 74 80 113 78 66 107 56 34 12 8 2 18 3 1 2 3 18 3 4 5 6 34 12 8 2 18 3 1 2 3 18 3 4 5 6 26 164 1 8 7 16 1 26 71 8 2 16 1 26 19 36 79 98 106 101 99 116 58 99 111 110 116 97 105 110 101 114 73 68 34 44 69 97 103 120 111 55 55 99 87 65 105 107 49 102 114 78 51 67 111 111 97 70 71 101 77 54 49 70 49 49 66 111 49 119 67 77 78 55 57 67 89 115 115 103 26 57 8 2 16 2 26 15 36 79 98 106 101 99 116 58 111 119 110 101 114 73 68 34 34 78 100 115 120 72 112 78 116 57 112 100 72 65 104 88 78 99 68 82 53 51 100 88 72 111 106 99 111 77 98 114 102 106 80 34 12 8 2 18 3 1 2 3 18 3 4 5 6 34 12 8 2 18 3 1 2 3 18 3 4 5 6 18 27 10 25 53 198 76 165 111 20 0 116 173 26 11 137 243 199 84 108 143 245 134 24 86 196 106 26 115 26 6 8 3 16 2 24 1]
debug 2023/12/07 16:31:42 c.wallet SignRequest &{NQtxsStXxvtRyz2B1yJXTXCeEoxsUJBkxW 031ad3c83a6b1cbab8e19df996405cb6e18151a14f7ecd76eb4f51901db1426f0b {[mock signer] 0x104b37f20}}
debug 2023/12/07 16:31:42 have been requested to sign  [10 128 3 10 12 8 206 239 192 233 10 16 155 152 146 158 1 18 34 10 32 110 128 225 228 191 247 244 202 143 20 19 82 140 210 111 137 116 63 163 175 139 223 33 28 186 72 241 184 238 138 27 231 26 164 1 8 7 16 1 26 71 8 2 16 1 26 19 36 79 98 106 101 99 116 58 99 111 110 116 97 105 110 101 114 73 68 34 44 70 65 112 86 90 65 105 111 118 72 102 55 68 102 120 71 87 121 120 65 110 112 104 104 90 104 74 120 65 71 52 104 105 98 102 55 90 57 116 88 116 117 111 49 26 57 8 2 16 2 26 15 36 79 98 106 101 99 116 58 111 119 110 101 114 73 68 34 34 78 78 72 118 111 101 72 82 82 57 116 84 116 90 115 71 118 52 112 112 78 109 109 74 74 82 105 74 80 113 78 66 107 56 34 12 8 2 18 3 1 2 3 18 3 4 5 6 34 12 8 2 18 3 1 2 3 18 3 4 5 6 26 164 1 8 7 16 1 26 71 8 2 16 1 26 19 36 79 98 106 101 99 116 58 99 111 110 116 97 105 110 101 114 73 68 34 44 69 97 103 120 111 55 55 99 87 65 105 107 49 102 114 78 51 67 111 111 97 70 71 101 77 54 49 70 49 49 66 111 49 119 67 77 78 55 57 67 89 115 115 103 26 57 8 2 16 2 26 15 36 79 98 106 101 99 116 58 111 119 110 101 114 73 68 34 34 78 100 115 120 72 112 78 116 57 112 100 72 65 104 88 78 99 68 82 53 51 100 88 72 111 106 99 111 77 98 114 102 106 80 34 12 8 2 18 3 1 2 3 18 3 4 5 6 34 12 8 2 18 3 1 2 3 18 3 4 5 6 18 27 10 25 53 198 76 165 111 20 0 116 173 26 11 137 243 199 84 108 143 245 134 24 86 196 106 26 115 26 6 8 3 16 2 24 1]
debug 2023/12/07 16:31:42 c.wallet UpdateFromWalletConnect &{NQtxsStXxvtRyz2B1yJXTXCeEoxsUJBkxW 031ad3c83a6b1cbab8e19df996405cb6e18151a14f7ecd76eb4f51901db1426f0b {[mock signer] 0x104b37f20}}
debug 2023/12/07 16:31:42 downloading state: 3
debug 2023/12/07 16:31:42 downloading state: 9
debug 2023/12/07 16:31:42 downloading state: 14
debug 2023/12/07 16:31:42 downloading state: 19
debug 2023/12/07 16:31:42 downloading state: 25
debug 2023/12/07 16:31:42 downloading state: 30
debug 2023/12/07 16:31:42 downloading state: 35
debug 2023/12/07 16:31:43 downloading state: 41
debug 2023/12/07 16:31:43 downloading state: 46
debug 2023/12/07 16:31:43 downloading state: 52
debug 2023/12/07 16:31:43 downloading state: 57
debug 2023/12/07 16:31:43 downloading state: 63
debug 2023/12/07 16:31:43 downloading state: 68
debug 2023/12/07 16:31:43 downloading state: 73
debug 2023/12/07 16:31:43 downloading state: 78
debug 2023/12/07 16:31:43 downloading state: 84
debug 2023/12/07 16:31:43 downloading state: 89
debug 2023/12/07 16:31:43 downloading state: 94
debug 2023/12/07 16:31:43 success type, creatnig notification for database
debug 2023/12/07 16:31:43 emitting  {mock-notifier-94d9a4c7-9999-4055-a549-f51383edfe57  download complete! success 1 object object completed map[]  false}
debug 2023/12/07 16:31:43 notification events: firing notification {Id:mock-notifier-94d9a4c7-9999-4055-a549-f51383edfe57 User: Title:download complete! Type:success Action:1 Description:object object completed Meta:map[] CreatedAt: MarkRead:false}
debug 2023/12/07 16:31:43 downloading state: 100
debug 2023/12/07 16:31:47 downloading state: 100
debug 2023/12/07 16:31:47 downloading state: 100
debug 2023/12/07 16:31:52 Enter pressed in containerView -  [{C1 O1 Object 1 Hash1 2} {C1 O2 Object 2 Hash2 3}]
debug 2023/12/07 16:31:52 view changed to objectView
debug 2023/12/07 16:31:53 downloading state: 0
debug 2023/12/07 16:31:53 c.wallet PerformAction &{NQtxsStXxvtRyz2B1yJXTXCeEoxsUJBkxW 031ad3c83a6b1cbab8e19df996405cb6e18151a14f7ecd76eb4f51901db1426f0b {[mock signer] 0x1029d3de0}}
debug 2023/12/07 16:31:53 perform action started
debug 2023/12/07 16:31:53 starting action chan handler
debug 2023/12/07 16:31:53 bearer token data to sign (bearerToken.SignedData())  [10 128 3 10 12 8 206 239 192 233 10 16 155 152 146 158 1 18 34 10 32 110 128 225 228 191 247 244 202 143 20 19 82 140 210 111 137 116 63 163 175 139 223 33 28 186 72 241 184 238 138 27 231 26 164 1 8 7 16 1 26 71 8 2 16 1 26 19 36 79 98 106 101 99 116 58 99 111 110 116 97 105 110 101 114 73 68 34 44 70 65 112 86 90 65 105 111 118 72 102 55 68 102 120 71 87 121 120 65 110 112 104 104 90 104 74 120 65 71 52 104 105 98 102 55 90 57 116 88 116 117 111 49 26 57 8 2 16 2 26 15 36 79 98 106 101 99 116 58 111 119 110 101 114 73 68 34 34 78 78 72 118 111 101 72 82 82 57 116 84 116 90 115 71 118 52 112 112 78 109 109 74 74 82 105 74 80 113 78 66 107 56 34 12 8 2 18 3 1 2 3 18 3 4 5 6 34 12 8 2 18 3 1 2 3 18 3 4 5 6 26 164 1 8 7 16 1 26 71 8 2 16 1 26 19 36 79 98 106 101 99 116 58 99 111 110 116 97 105 110 101 114 73 68 34 44 69 97 103 120 111 55 55 99 87 65 105 107 49 102 114 78 51 67 111 111 97 70 71 101 77 54 49 70 49 49 66 111 49 119 67 77 78 55 57 67 89 115 115 103 26 57 8 2 16 2 26 15 36 79 98 106 101 99 116 58 111 119 110 101 114 73 68 34 34 78 100 115 120 72 112 78 116 57 112 100 72 65 104 88 78 99 68 82 53 51 100 88 72 111 106 99 111 77 98 114 102 106 80 34 12 8 2 18 3 1 2 3 18 3 4 5 6 34 12 8 2 18 3 1 2 3 18 3 4 5 6 18 27 10 25 53 198 76 165 111 20 0 116 173 26 11 137 243 199 84 108 143 245 134 24 86 196 106 26 115 26 6 8 3 16 2 24 1]
debug 2023/12/07 16:31:53 c.wallet SignRequest &{NQtxsStXxvtRyz2B1yJXTXCeEoxsUJBkxW 031ad3c83a6b1cbab8e19df996405cb6e18151a14f7ecd76eb4f51901db1426f0b {[mock signer] 0x1029d3de0}}
debug 2023/12/07 16:31:53 have been requested to sign  [10 128 3 10 12 8 206 239 192 233 10 16 155 152 146 158 1 18 34 10 32 110 128 225 228 191 247 244 202 143 20 19 82 140 210 111 137 116 63 163 175 139 223 33 28 186 72 241 184 238 138 27 231 26 164 1 8 7 16 1 26 71 8 2 16 1 26 19 36 79 98 106 101 99 116 58 99 111 110 116 97 105 110 101 114 73 68 34 44 70 65 112 86 90 65 105 111 118 72 102 55 68 102 120 71 87 121 120 65 110 112 104 104 90 104 74 120 65 71 52 104 105 98 102 55 90 57 116 88 116 117 111 49 26 57 8 2 16 2 26 15 36 79 98 106 101 99 116 58 111 119 110 101 114 73 68 34 34 78 78 72 118 111 101 72 82 82 57 116 84 116 90 115 71 118 52 112 112 78 109 109 74 74 82 105 74 80 113 78 66 107 56 34 12 8 2 18 3 1 2 3 18 3 4 5 6 34 12 8 2 18 3 1 2 3 18 3 4 5 6 26 164 1 8 7 16 1 26 71 8 2 16 1 26 19 36 79 98 106 101 99 116 58 99 111 110 116 97 105 110 101 114 73 68 34 44 69 97 103 120 111 55 55 99 87 65 105 107 49 102 114 78 51 67 111 111 97 70 71 101 77 54 49 70 49 49 66 111 49 119 67 77 78 55 57 67 89 115 115 103 26 57 8 2 16 2 26 15 36 79 98 106 101 99 116 58 111 119 110 101 114 73 68 34 34 78 100 115 120 72 112 78 116 57 112 100 72 65 104 88 78 99 68 82 53 51 100 88 72 111 106 99 111 77 98 114 102 106 80 34 12 8 2 18 3 1 2 3 18 3 4 5 6 34 12 8 2 18 3 1 2 3 18 3 4 5 6 18 27 10 25 53 198 76 165 111 20 0 116 173 26 11 137 243 199 84 108 143 245 134 24 86 196 106 26 115 26 6 8 3 16 2 24 1]
debug 2023/12/07 16:31:53 c.wallet UpdateFromWalletConnect &{NQtxsStXxvtRyz2B1yJXTXCeEoxsUJBkxW 031ad3c83a6b1cbab8e19df996405cb6e18151a14f7ecd76eb4f51901db1426f0b {[mock signer] 0x1029d3de0}}
debug 2023/12/07 16:31:53 downloading state: 3
debug 2023/12/07 16:31:54 success type, creatnig notification for database
debug 2023/12/07 16:31:54 emitting  {mock-notifier-94d9a4c7-9999-4055-a549-f51383edfe57  download complete! success 1 object object completed map[]  false}
debug 2023/12/07 16:31:54 notification events: firing notification {Id:mock-notifier-94d9a4c7-9999-4055-a549-f51383edfe57 User: Title:download complete! Type:success Action:1 Description:object object completed Meta:map[] CreatedAt: MarkRead:false}
debug 2023/12/07 16:34:37 downloading state: 3
debug 2023/12/07 16:34:37 downloading state: 3
debug 2023/12/07 16:34:41 Enter pressed in containerView -  [{C1 O1 Object 1 Hash1 2} {C1 O2 Object 2 Hash2 3}]
debug 2023/12/07 16:34:41 view changed to objectView
debug 2023/12/07 16:34:42 downloading state: 0
debug 2023/12/07 16:34:42 c.wallet PerformAction &{NQtxsStXxvtRyz2B1yJXTXCeEoxsUJBkxW 031ad3c83a6b1cbab8e19df996405cb6e18151a14f7ecd76eb4f51901db1426f0b {[mock signer] 0x100e73de0}}
debug 2023/12/07 16:34:42 perform action started
debug 2023/12/07 16:34:42 starting action chan handler
debug 2023/12/07 16:34:42 bearer token data to sign (bearerToken.SignedData())  [10 128 3 10 12 8 206 239 192 233 10 16 155 152 146 158 1 18 34 10 32 110 128 225 228 191 247 244 202 143 20 19 82 140 210 111 137 116 63 163 175 139 223 33 28 186 72 241 184 238 138 27 231 26 164 1 8 7 16 1 26 71 8 2 16 1 26 19 36 79 98 106 101 99 116 58 99 111 110 116 97 105 110 101 114 73 68 34 44 70 65 112 86 90 65 105 111 118 72 102 55 68 102 120 71 87 121 120 65 110 112 104 104 90 104 74 120 65 71 52 104 105 98 102 55 90 57 116 88 116 117 111 49 26 57 8 2 16 2 26 15 36 79 98 106 101 99 116 58 111 119 110 101 114 73 68 34 34 78 78 72 118 111 101 72 82 82 57 116 84 116 90 115 71 118 52 112 112 78 109 109 74 74 82 105 74 80 113 78 66 107 56 34 12 8 2 18 3 1 2 3 18 3 4 5 6 34 12 8 2 18 3 1 2 3 18 3 4 5 6 26 164 1 8 7 16 1 26 71 8 2 16 1 26 19 36 79 98 106 101 99 116 58 99 111 110 116 97 105 110 101 114 73 68 34 44 69 97 103 120 111 55 55 99 87 65 105 107 49 102 114 78 51 67 111 111 97 70 71 101 77 54 49 70 49 49 66 111 49 119 67 77 78 55 57 67 89 115 115 103 26 57 8 2 16 2 26 15 36 79 98 106 101 99 116 58 111 119 110 101 114 73 68 34 34 78 100 115 120 72 112 78 116 57 112 100 72 65 104 88 78 99 68 82 53 51 100 88 72 111 106 99 111 77 98 114 102 106 80 34 12 8 2 18 3 1 2 3 18 3 4 5 6 34 12 8 2 18 3 1 2 3 18 3 4 5 6 18 27 10 25 53 198 76 165 111 20 0 116 173 26 11 137 243 199 84 108 143 245 134 24 86 196 106 26 115 26 6 8 3 16 2 24 1]
debug 2023/12/07 16:34:42 c.wallet SignRequest &{NQtxsStXxvtRyz2B1yJXTXCeEoxsUJBkxW 031ad3c83a6b1cbab8e19df996405cb6e18151a14f7ecd76eb4f51901db1426f0b {[mock signer] 0x100e73de0}}
debug 2023/12/07 16:34:42 have been requested to sign  [10 128 3 10 12 8 206 239 192 233 10 16 155 152 146 158 1 18 34 10 32 110 128 225 228 191 247 244 202 143 20 19 82 140 210 111 137 116 63 163 175 139 223 33 28 186 72 241 184 238 138 27 231 26 164 1 8 7 16 1 26 71 8 2 16 1 26 19 36 79 98 106 101 99 116 58 99 111 110 116 97 105 110 101 114 73 68 34 44 70 65 112 86 90 65 105 111 118 72 102 55 68 102 120 71 87 121 120 65 110 112 104 104 90 104 74 120 65 71 52 104 105 98 102 55 90 57 116 88 116 117 111 49 26 57 8 2 16 2 26 15 36 79 98 106 101 99 116 58 111 119 110 101 114 73 68 34 34 78 78 72 118 111 101 72 82 82 57 116 84 116 90 115 71 118 52 112 112 78 109 109 74 74 82 105 74 80 113 78 66 107 56 34 12 8 2 18 3 1 2 3 18 3 4 5 6 34 12 8 2 18 3 1 2 3 18 3 4 5 6 26 164 1 8 7 16 1 26 71 8 2 16 1 26 19 36 79 98 106 101 99 116 58 99 111 110 116 97 105 110 101 114 73 68 34 44 69 97 103 120 111 55 55 99 87 65 105 107 49 102 114 78 51 67 111 111 97 70 71 101 77 54 49 70 49 49 66 111 49 119 67 77 78 55 57 67 89 115 115 103 26 57 8 2 16 2 26 15 36 79 98 106 101 99 116 58 111 119 110 101 114 73 68 34 34 78 100 115 120 72 112 78 116 57 112 100 72 65 104 88 78 99 68 82 53 51 100 88 72 111 106 99 111 77 98 114 102 106 80 34 12 8 2 18 3 1 2 3 18 3 4 5 6 34 12 8 2 18 3 1 2 3 18 3 4 5 6 18 27 10 25 53 198 76 165 111 20 0 116 173 26 11 137 243 199 84 108 143 245 134 24 86 196 106 26 115 26 6 8 3 16 2 24 1]
debug 2023/12/07 16:34:42 c.wallet UpdateFromWalletConnect &{NQtxsStXxvtRyz2B1yJXTXCeEoxsUJBkxW 031ad3c83a6b1cbab8e19df996405cb6e18151a14f7ecd76eb4f51901db1426f0b {[mock signer] 0x100e73de0}}
debug 2023/12/07 16:34:43 downloading state: 3
debug 2023/12/07 16:34:43 downloading state: 8
debug 2023/12/07 16:34:43 downloading state: 14
debug 2023/12/07 16:34:43 downloading state: 19
debug 2023/12/07 16:34:43 downloading state: 25
debug 2023/12/07 16:34:43 downloading state: 30
debug 2023/12/07 16:34:43 downloading state: 35
debug 2023/12/07 16:34:43 downloading state: 41
debug 2023/12/07 16:34:43 downloading state: 46
debug 2023/12/07 16:34:43 downloading state: 51
debug 2023/12/07 16:34:43 downloading state: 57
debug 2023/12/07 16:34:43 downloading state: 62
debug 2023/12/07 16:34:43 downloading state: 67
debug 2023/12/07 16:34:43 downloading state: 72
debug 2023/12/07 16:34:43 downloading state: 78
debug 2023/12/07 16:34:43 downloading state: 83
debug 2023/12/07 16:34:43 downloading state: 88
debug 2023/12/07 16:34:43 downloading state: 94
debug 2023/12/07 16:34:43 downloading state: 99
debug 2023/12/07 16:34:43 success type, creatnig notification for database
debug 2023/12/07 16:34:43 emitting  {mock-notifier-94d9a4c7-9999-4055-a549-f51383edfe57  download complete! success 1 object object completed map[]  false}
debug 2023/12/07 16:34:43 notification events: firing notification {Id:mock-notifier-94d9a4c7-9999-4055-a549-f51383edfe57 User: Title:download complete! Type:success Action:1 Description:object object completed Meta:map[] CreatedAt: MarkRead:false}
debug 2023/12/07 16:34:43 downloading state: 100
debug 2023/12/07 16:35:18 downloading state: 100
debug 2023/12/07 16:35:18 downloading state: 100
debug 2023/12/07 16:35:22 Enter pressed in containerView -  [{C1 O1 Object 1 Hash1 2} {C1 O2 Object 2 Hash2 3}]
debug 2023/12/07 16:35:22 view changed to objectView
debug 2023/12/07 16:35:23 downloading state: 0
debug 2023/12/07 16:35:23 c.wallet PerformAction &{NQtxsStXxvtRyz2B1yJXTXCeEoxsUJBkxW 031ad3c83a6b1cbab8e19df996405cb6e18151a14f7ecd76eb4f51901db1426f0b {[mock signer] 0x104db3d60}}
debug 2023/12/07 16:35:23 perform action started
debug 2023/12/07 16:35:23 starting action chan handler
debug 2023/12/07 16:35:23 bearer token data to sign (bearerToken.SignedData())  [10 128 3 10 12 8 206 239 192 233 10 16 155 152 146 158 1 18 34 10 32 110 128 225 228 191 247 244 202 143 20 19 82 140 210 111 137 116 63 163 175 139 223 33 28 186 72 241 184 238 138 27 231 26 164 1 8 7 16 1 26 71 8 2 16 1 26 19 36 79 98 106 101 99 116 58 99 111 110 116 97 105 110 101 114 73 68 34 44 70 65 112 86 90 65 105 111 118 72 102 55 68 102 120 71 87 121 120 65 110 112 104 104 90 104 74 120 65 71 52 104 105 98 102 55 90 57 116 88 116 117 111 49 26 57 8 2 16 2 26 15 36 79 98 106 101 99 116 58 111 119 110 101 114 73 68 34 34 78 78 72 118 111 101 72 82 82 57 116 84 116 90 115 71 118 52 112 112 78 109 109 74 74 82 105 74 80 113 78 66 107 56 34 12 8 2 18 3 1 2 3 18 3 4 5 6 34 12 8 2 18 3 1 2 3 18 3 4 5 6 26 164 1 8 7 16 1 26 71 8 2 16 1 26 19 36 79 98 106 101 99 116 58 99 111 110 116 97 105 110 101 114 73 68 34 44 69 97 103 120 111 55 55 99 87 65 105 107 49 102 114 78 51 67 111 111 97 70 71 101 77 54 49 70 49 49 66 111 49 119 67 77 78 55 57 67 89 115 115 103 26 57 8 2 16 2 26 15 36 79 98 106 101 99 116 58 111 119 110 101 114 73 68 34 34 78 100 115 120 72 112 78 116 57 112 100 72 65 104 88 78 99 68 82 53 51 100 88 72 111 106 99 111 77 98 114 102 106 80 34 12 8 2 18 3 1 2 3 18 3 4 5 6 34 12 8 2 18 3 1 2 3 18 3 4 5 6 18 27 10 25 53 198 76 165 111 20 0 116 173 26 11 137 243 199 84 108 143 245 134 24 86 196 106 26 115 26 6 8 3 16 2 24 1]
debug 2023/12/07 16:35:23 c.wallet SignRequest &{NQtxsStXxvtRyz2B1yJXTXCeEoxsUJBkxW 031ad3c83a6b1cbab8e19df996405cb6e18151a14f7ecd76eb4f51901db1426f0b {[mock signer] 0x104db3d60}}
debug 2023/12/07 16:35:23 have been requested to sign  [10 128 3 10 12 8 206 239 192 233 10 16 155 152 146 158 1 18 34 10 32 110 128 225 228 191 247 244 202 143 20 19 82 140 210 111 137 116 63 163 175 139 223 33 28 186 72 241 184 238 138 27 231 26 164 1 8 7 16 1 26 71 8 2 16 1 26 19 36 79 98 106 101 99 116 58 99 111 110 116 97 105 110 101 114 73 68 34 44 70 65 112 86 90 65 105 111 118 72 102 55 68 102 120 71 87 121 120 65 110 112 104 104 90 104 74 120 65 71 52 104 105 98 102 55 90 57 116 88 116 117 111 49 26 57 8 2 16 2 26 15 36 79 98 106 101 99 116 58 111 119 110 101 114 73 68 34 34 78 78 72 118 111 101 72 82 82 57 116 84 116 90 115 71 118 52 112 112 78 109 109 74 74 82 105 74 80 113 78 66 107 56 34 12 8 2 18 3 1 2 3 18 3 4 5 6 34 12 8 2 18 3 1 2 3 18 3 4 5 6 26 164 1 8 7 16 1 26 71 8 2 16 1 26 19 36 79 98 106 101 99 116 58 99 111 110 116 97 105 110 101 114 73 68 34 44 69 97 103 120 111 55 55 99 87 65 105 107 49 102 114 78 51 67 111 111 97 70 71 101 77 54 49 70 49 49 66 111 49 119 67 77 78 55 57 67 89 115 115 103 26 57 8 2 16 2 26 15 36 79 98 106 101 99 116 58 111 119 110 101 114 73 68 34 34 78 100 115 120 72 112 78 116 57 112 100 72 65 104 88 78 99 68 82 53 51 100 88 72 111 106 99 111 77 98 114 102 106 80 34 12 8 2 18 3 1 2 3 18 3 4 5 6 34 12 8 2 18 3 1 2 3 18 3 4 5 6 18 27 10 25 53 198 76 165 111 20 0 116 173 26 11 137 243 199 84 108 143 245 134 24 86 196 106 26 115 26 6 8 3 16 2 24 1]
debug 2023/12/07 16:35:23 c.wallet UpdateFromWalletConnect &{NQtxsStXxvtRyz2B1yJXTXCeEoxsUJBkxW 031ad3c83a6b1cbab8e19df996405cb6e18151a14f7ecd76eb4f51901db1426f0b {[mock signer] 0x104db3d60}}
debug 2023/12/07 16:35:23 downloading state: 3
debug 2023/12/07 16:35:23 downloading state: 8
debug 2023/12/07 16:35:23 downloading state: 14
debug 2023/12/07 16:35:23 downloading state: 19
debug 2023/12/07 16:35:23 downloading state: 25
debug 2023/12/07 16:35:23 downloading state: 30
debug 2023/12/07 16:35:23 downloading state: 35
debug 2023/12/07 16:35:23 downloading state: 41
debug 2023/12/07 16:35:23 downloading state: 46
debug 2023/12/07 16:35:23 downloading state: 51
debug 2023/12/07 16:35:23 downloading state: 57
debug 2023/12/07 16:35:24 downloading state: 62
debug 2023/12/07 16:35:24 downloading state: 67
debug 2023/12/07 16:35:24 downloading state: 73
debug 2023/12/07 16:35:24 downloading state: 78
debug 2023/12/07 16:35:24 downloading state: 83
debug 2023/12/07 16:35:24 downloading state: 89
debug 2023/12/07 16:35:24 downloading state: 94
debug 2023/12/07 16:35:24 downloading state: 99
debug 2023/12/07 16:35:24 success type, creatnig notification for database
debug 2023/12/07 16:35:24 emitting  {mock-notifier-94d9a4c7-9999-4055-a549-f51383edfe57  download complete! success 1 object object completed map[]  false}
debug 2023/12/07 16:35:24 notification events: firing notification {Id:mock-notifier-94d9a4c7-9999-4055-a549-f51383edfe57 User: Title:download complete! Type:success Action:1 Description:object object completed Meta:map[] CreatedAt: MarkRead:false}
debug 2023/12/07 16:35:24 downloading state: 100
debug 2023/12/07 16:35:39 downloading state: 100
debug 2023/12/07 16:35:39 downloading state: 100
debug 2023/12/07 16:35:51 Enter pressed in containerView -  [{C1 O1 Object 1 Hash1 2} {C1 O2 Object 2 Hash2 3}]
debug 2023/12/07 16:35:52 view changed to objectView
debug 2023/12/07 16:35:53 downloading state: 0
debug 2023/12/07 16:35:53 c.wallet PerformAction &{NQtxsStXxvtRyz2B1yJXTXCeEoxsUJBkxW 031ad3c83a6b1cbab8e19df996405cb6e18151a14f7ecd76eb4f51901db1426f0b {[mock signer] 0x1034efce0}}
debug 2023/12/07 16:35:53 perform action started
debug 2023/12/07 16:35:53 starting action chan handler
debug 2023/12/07 16:35:53 bearer token data to sign (bearerToken.SignedData())  [10 128 3 10 12 8 206 239 192 233 10 16 155 152 146 158 1 18 34 10 32 110 128 225 228 191 247 244 202 143 20 19 82 140 210 111 137 116 63 163 175 139 223 33 28 186 72 241 184 238 138 27 231 26 164 1 8 7 16 1 26 71 8 2 16 1 26 19 36 79 98 106 101 99 116 58 99 111 110 116 97 105 110 101 114 73 68 34 44 70 65 112 86 90 65 105 111 118 72 102 55 68 102 120 71 87 121 120 65 110 112 104 104 90 104 74 120 65 71 52 104 105 98 102 55 90 57 116 88 116 117 111 49 26 57 8 2 16 2 26 15 36 79 98 106 101 99 116 58 111 119 110 101 114 73 68 34 34 78 78 72 118 111 101 72 82 82 57 116 84 116 90 115 71 118 52 112 112 78 109 109 74 74 82 105 74 80 113 78 66 107 56 34 12 8 2 18 3 1 2 3 18 3 4 5 6 34 12 8 2 18 3 1 2 3 18 3 4 5 6 26 164 1 8 7 16 1 26 71 8 2 16 1 26 19 36 79 98 106 101 99 116 58 99 111 110 116 97 105 110 101 114 73 68 34 44 69 97 103 120 111 55 55 99 87 65 105 107 49 102 114 78 51 67 111 111 97 70 71 101 77 54 49 70 49 49 66 111 49 119 67 77 78 55 57 67 89 115 115 103 26 57 8 2 16 2 26 15 36 79 98 106 101 99 116 58 111 119 110 101 114 73 68 34 34 78 100 115 120 72 112 78 116 57 112 100 72 65 104 88 78 99 68 82 53 51 100 88 72 111 106 99 111 77 98 114 102 106 80 34 12 8 2 18 3 1 2 3 18 3 4 5 6 34 12 8 2 18 3 1 2 3 18 3 4 5 6 18 27 10 25 53 198 76 165 111 20 0 116 173 26 11 137 243 199 84 108 143 245 134 24 86 196 106 26 115 26 6 8 3 16 2 24 1]
debug 2023/12/07 16:35:53 c.wallet SignRequest &{NQtxsStXxvtRyz2B1yJXTXCeEoxsUJBkxW 031ad3c83a6b1cbab8e19df996405cb6e18151a14f7ecd76eb4f51901db1426f0b {[mock signer] 0x1034efce0}}
debug 2023/12/07 16:35:53 have been requested to sign  [10 128 3 10 12 8 206 239 192 233 10 16 155 152 146 158 1 18 34 10 32 110 128 225 228 191 247 244 202 143 20 19 82 140 210 111 137 116 63 163 175 139 223 33 28 186 72 241 184 238 138 27 231 26 164 1 8 7 16 1 26 71 8 2 16 1 26 19 36 79 98 106 101 99 116 58 99 111 110 116 97 105 110 101 114 73 68 34 44 70 65 112 86 90 65 105 111 118 72 102 55 68 102 120 71 87 121 120 65 110 112 104 104 90 104 74 120 65 71 52 104 105 98 102 55 90 57 116 88 116 117 111 49 26 57 8 2 16 2 26 15 36 79 98 106 101 99 116 58 111 119 110 101 114 73 68 34 34 78 78 72 118 111 101 72 82 82 57 116 84 116 90 115 71 118 52 112 112 78 109 109 74 74 82 105 74 80 113 78 66 107 56 34 12 8 2 18 3 1 2 3 18 3 4 5 6 34 12 8 2 18 3 1 2 3 18 3 4 5 6 26 164 1 8 7 16 1 26 71 8 2 16 1 26 19 36 79 98 106 101 99 116 58 99 111 110 116 97 105 110 101 114 73 68 34 44 69 97 103 120 111 55 55 99 87 65 105 107 49 102 114 78 51 67 111 111 97 70 71 101 77 54 49 70 49 49 66 111 49 119 67 77 78 55 57 67 89 115 115 103 26 57 8 2 16 2 26 15 36 79 98 106 101 99 116 58 111 119 110 101 114 73 68 34 34 78 100 115 120 72 112 78 116 57 112 100 72 65 104 88 78 99 68 82 53 51 100 88 72 111 106 99 111 77 98 114 102 106 80 34 12 8 2 18 3 1 2 3 18 3 4 5 6 34 12 8 2 18 3 1 2 3 18 3 4 5 6 18 27 10 25 53 198 76 165 111 20 0 116 173 26 11 137 243 199 84 108 143 245 134 24 86 196 106 26 115 26 6 8 3 16 2 24 1]
debug 2023/12/07 16:35:53 c.wallet UpdateFromWalletConnect &{NQtxsStXxvtRyz2B1yJXTXCeEoxsUJBkxW 031ad3c83a6b1cbab8e19df996405cb6e18151a14f7ecd76eb4f51901db1426f0b {[mock signer] 0x1034efce0}}
debug 2023/12/07 16:35:53 downloading state: 3
debug 2023/12/07 16:35:53 downloading state: 8
debug 2023/12/07 16:35:53 downloading state: 14
debug 2023/12/07 16:35:53 downloading state: 19
debug 2023/12/07 16:35:53 downloading state: 24
debug 2023/12/07 16:35:53 downloading state: 30
debug 2023/12/07 16:35:53 downloading state: 35
debug 2023/12/07 16:35:53 downloading state: 40
debug 2023/12/07 16:35:54 downloading state: 46
debug 2023/12/07 16:35:54 downloading state: 51
debug 2023/12/07 16:35:54 downloading state: 57
debug 2023/12/07 16:35:54 downloading state: 62
debug 2023/12/07 16:35:54 downloading state: 67
debug 2023/12/07 16:35:54 downloading state: 72
debug 2023/12/07 16:35:54 downloading state: 78
debug 2023/12/07 16:35:54 downloading state: 83
debug 2023/12/07 16:35:54 downloading state: 88
debug 2023/12/07 16:35:54 downloading state: 94
debug 2023/12/07 16:35:54 downloading state: 99
debug 2023/12/07 16:35:54 success type, creatnig notification for database
debug 2023/12/07 16:35:54 emitting  {mock-notifier-94d9a4c7-9999-4055-a549-f51383edfe57  download complete! success 1 object object completed map[]  false}
debug 2023/12/07 16:35:54 notification events: firing notification {Id:mock-notifier-94d9a4c7-9999-4055-a549-f51383edfe57 User: Title:download complete! Type:success Action:1 Description:object object completed Meta:map[] CreatedAt: MarkRead:false}
debug 2023/12/07 16:35:54 downloading state: 100
